/var/spool/slurmd/job03961/slurm_script: line 3: SBATCH: command not found
/var/spool/slurmd/job03961/slurm_script: line 4: SBATCH: command not found

18/04/28 07:20:57 INFO client.RMProxy: Connecting to ResourceManager at hadoop-e/192.168.2.28:8032
18/04/28 07:20:58 WARN mapreduce.JobResourceUploader: Hadoop command-line option parsing not performed. Implement the Tool interface and execute your application with ToolRunner to remedy this.
18/04/28 07:20:58 INFO input.FileInputFormat: Total input files to process : 1
18/04/28 07:20:59 INFO mapreduce.JobSubmitter: number of splits:1192
18/04/28 07:20:59 INFO Configuration.deprecation: yarn.resourcemanager.system-metrics-publisher.enabled is deprecated. Instead, use yarn.system-metrics-publisher.enabled
18/04/28 07:20:59 INFO mapreduce.JobSubmitter: Submitting tokens for job: job_1524360977472_0400
18/04/28 07:21:00 INFO impl.YarnClientImpl: Submitted application application_1524360977472_0400
18/04/28 07:21:00 INFO mapreduce.Job: The url to track the job: http://hadoop-e:8088/proxy/application_1524360977472_0400/
18/04/28 07:21:00 INFO mapreduce.Job: Running job: job_1524360977472_0400
18/04/28 07:21:09 INFO mapreduce.Job: Job job_1524360977472_0400 running in uber mode : false
18/04/28 07:21:09 INFO mapreduce.Job:  map 0% reduce 0%
18/04/28 07:21:30 INFO mapreduce.Job:  map 1% reduce 0%
18/04/28 07:21:35 INFO mapreduce.Job:  map 2% reduce 0%
18/04/28 07:21:43 INFO mapreduce.Job:  map 3% reduce 0%
18/04/28 07:21:59 INFO mapreduce.Job:  map 4% reduce 0%
18/04/28 07:22:08 INFO mapreduce.Job:  map 5% reduce 0%
18/04/28 07:22:13 INFO mapreduce.Job:  map 6% reduce 0%
18/04/28 07:22:29 INFO mapreduce.Job:  map 7% reduce 0%
18/04/28 07:22:34 INFO mapreduce.Job:  map 8% reduce 0%
18/04/28 07:22:40 INFO mapreduce.Job:  map 8% reduce 1%
18/04/28 07:22:48 INFO mapreduce.Job:  map 9% reduce 1%
18/04/28 07:22:56 INFO mapreduce.Job:  map 10% reduce 1%
18/04/28 07:22:58 INFO mapreduce.Job:  map 10% reduce 2%
18/04/28 07:23:07 INFO mapreduce.Job:  map 11% reduce 2%
18/04/28 07:23:16 INFO mapreduce.Job:  map 11% reduce 3%
18/04/28 07:23:22 INFO mapreduce.Job:  map 12% reduce 3%
18/04/28 07:23:26 INFO mapreduce.Job:  map 13% reduce 3%
18/04/28 07:23:34 INFO mapreduce.Job:  map 13% reduce 4%
18/04/28 07:23:45 INFO mapreduce.Job:  map 14% reduce 4%
18/04/28 07:23:50 INFO mapreduce.Job:  map 15% reduce 4%
18/04/28 07:23:55 INFO mapreduce.Job:  map 16% reduce 4%
18/04/28 07:23:59 INFO mapreduce.Job:  map 16% reduce 5%
18/04/28 07:24:12 INFO mapreduce.Job:  map 17% reduce 5%
18/04/28 07:24:20 INFO mapreduce.Job:  map 18% reduce 5%
18/04/28 07:24:23 INFO mapreduce.Job:  map 18% reduce 6%
18/04/28 07:24:24 INFO mapreduce.Job:  map 19% reduce 6%
18/04/28 07:24:39 INFO mapreduce.Job:  map 20% reduce 6%
18/04/28 07:24:46 INFO mapreduce.Job:  map 21% reduce 6%
18/04/28 07:24:47 INFO mapreduce.Job:  map 21% reduce 7%
18/04/28 07:24:56 INFO mapreduce.Job:  map 22% reduce 7%
18/04/28 07:25:09 INFO mapreduce.Job:  map 23% reduce 7%
18/04/28 07:25:16 INFO mapreduce.Job:  map 24% reduce 7%
18/04/28 07:25:18 INFO mapreduce.Job:  map 24% reduce 8%
18/04/28 07:25:31 INFO mapreduce.Job:  map 25% reduce 8%
18/04/28 07:25:35 INFO mapreduce.Job:  map 26% reduce 8%
18/04/28 07:25:49 INFO mapreduce.Job:  map 27% reduce 9%
18/04/28 07:25:57 INFO mapreduce.Job:  map 28% reduce 9%
18/04/28 07:26:05 INFO mapreduce.Job:  map 29% reduce 9%
18/04/28 07:26:13 INFO mapreduce.Job:  map 29% reduce 10%
18/04/28 07:26:20 INFO mapreduce.Job:  map 30% reduce 10%
18/04/28 07:26:24 INFO mapreduce.Job:  map 31% reduce 10%
18/04/28 07:26:38 INFO mapreduce.Job:  map 32% reduce 10%
18/04/28 07:26:43 INFO mapreduce.Job:  map 32% reduce 11%
18/04/28 07:26:47 INFO mapreduce.Job:  map 33% reduce 11%
18/04/28 07:26:53 INFO mapreduce.Job:  map 34% reduce 11%
18/04/28 07:27:10 INFO mapreduce.Job:  map 35% reduce 11%
18/04/28 07:27:15 INFO mapreduce.Job:  map 36% reduce 11%
18/04/28 07:27:19 INFO mapreduce.Job:  map 37% reduce 12%
18/04/28 07:27:38 INFO mapreduce.Job:  map 38% reduce 12%
18/04/28 07:27:43 INFO mapreduce.Job:  map 39% reduce 12%
18/04/28 07:27:50 INFO mapreduce.Job:  map 39% reduce 13%
18/04/28 07:27:52 INFO mapreduce.Job:  map 40% reduce 13%
18/04/28 07:28:07 INFO mapreduce.Job:  map 41% reduce 13%
18/04/28 07:28:10 INFO mapreduce.Job:  map 42% reduce 13%
18/04/28 07:28:14 INFO mapreduce.Job:  map 42% reduce 14%
18/04/28 07:28:27 INFO mapreduce.Job:  map 43% reduce 14%
18/04/28 07:28:34 INFO mapreduce.Job:  map 44% reduce 14%
18/04/28 07:28:44 INFO mapreduce.Job:  map 45% reduce 15%
18/04/28 07:28:55 INFO mapreduce.Job:  map 46% reduce 15%
18/04/28 07:29:04 INFO mapreduce.Job:  map 47% reduce 15%
18/04/28 07:29:15 INFO mapreduce.Job:  map 48% reduce 16%
18/04/28 07:29:21 INFO mapreduce.Job:  map 49% reduce 16%
18/04/28 07:29:38 INFO mapreduce.Job:  map 50% reduce 16%
18/04/28 07:29:41 INFO mapreduce.Job:  map 51% reduce 16%
18/04/28 07:29:45 INFO mapreduce.Job:  map 51% reduce 17%
18/04/28 07:29:51 INFO mapreduce.Job:  map 52% reduce 17%
18/04/28 07:29:51 INFO mapreduce.Job: Task Id : attempt_1524360977472_0400_r_000000_0, Status : FAILED
Error: org.apache.hadoop.mapreduce.task.reduce.Shuffle$ShuffleError: error in shuffle in OnDiskMerger - Thread to merge on-disk map-outputs
	at org.apache.hadoop.mapreduce.task.reduce.Shuffle.run(Shuffle.java:134)
	at org.apache.hadoop.mapred.ReduceTask.run(ReduceTask.java:376)
	at org.apache.hadoop.mapred.YarnChild$2.run(YarnChild.java:177)
	at java.security.AccessController.doPrivileged(Native Method)
	at javax.security.auth.Subject.doAs(Subject.java:422)
	at org.apache.hadoop.security.UserGroupInformation.doAs(UserGroupInformation.java:1886)
	at org.apache.hadoop.mapred.YarnChild.main(YarnChild.java:171)
Caused by: org.apache.hadoop.fs.FSError: java.io.IOException: No space left on device
	at org.apache.hadoop.fs.RawLocalFileSystem$LocalFSFileOutputStream.write(RawLocalFileSystem.java:258)
	at java.io.BufferedOutputStream.flushBuffer(BufferedOutputStream.java:82)
	at java.io.BufferedOutputStream.write(BufferedOutputStream.java:126)
	at org.apache.hadoop.fs.FSDataOutputStream$PositionCache.write(FSDataOutputStream.java:58)
	at java.io.DataOutputStream.write(DataOutputStream.java:107)
	at org.apache.hadoop.mapred.IFileOutputStream.write(IFileOutputStream.java:92)
	at org.apache.hadoop.fs.FSDataOutputStream$PositionCache.write(FSDataOutputStream.java:58)
	at java.io.DataOutputStream.write(DataOutputStream.java:107)
	at org.apache.hadoop.mapred.IFile$Writer.append(IFile.java:245)
	at org.apache.hadoop.mapred.Merger.writeFile(Merger.java:210)
	at org.apache.hadoop.mapreduce.task.reduce.MergeManagerImpl$OnDiskMerger.merge(MergeManagerImpl.java:572)
	at org.apache.hadoop.mapreduce.task.reduce.MergeThread.run(MergeThread.java:94)
Caused by: java.io.IOException: No space left on device
	at java.io.FileOutputStream.writeBytes(Native Method)
	at java.io.FileOutputStream.write(FileOutputStream.java:326)
	at org.apache.hadoop.fs.RawLocalFileSystem$LocalFSFileOutputStream.write(RawLocalFileSystem.java:256)
	... 11 more

18/04/28 07:29:53 INFO mapreduce.Job:  map 52% reduce 0%
18/04/28 07:29:55 INFO mapreduce.Job: Task Id : attempt_1524360977472_0400_m_000923_0, Status : FAILED
FSError: java.io.IOException: No space left on device
18/04/28 07:29:55 INFO mapreduce.Job: Task Id : attempt_1524360977472_0400_m_000924_0, Status : FAILED
FSError: java.io.IOException: No space left on device
18/04/28 07:29:55 INFO mapreduce.Job: Task Id : attempt_1524360977472_0400_m_000925_0, Status : FAILED
FSError: java.io.IOException: No space left on device
18/04/28 07:29:55 INFO mapreduce.Job: Task Id : attempt_1524360977472_0400_m_000928_0, Status : FAILED

18/04/28 07:29:56 INFO mapreduce.Job: Task Id : attempt_1524360977472_0400_m_000927_0, Status : FAILED
FSError: java.io.IOException: No space left on device
18/04/28 07:29:56 INFO mapreduce.Job: Task Id : attempt_1524360977472_0400_m_000922_0, Status : FAILED
Error: java.io.IOException: Spill failed
	at org.apache.hadoop.mapred.MapTask$MapOutputBuffer.checkSpillException(MapTask.java:1571)
	at org.apache.hadoop.mapred.MapTask$MapOutputBuffer.collect(MapTask.java:1092)
	at org.apache.hadoop.mapred.MapTask$NewOutputCollector.write(MapTask.java:721)
	at org.apache.hadoop.mapreduce.task.TaskInputOutputContextImpl.write(TaskInputOutputContextImpl.java:89)
	at org.apache.hadoop.mapreduce.lib.map.WrappedMapper$Context.write(WrappedMapper.java:112)
	at com.bhagyashree.hadoopsort.TeraSortHadoop$SortingMapper.map(TeraSortHadoop.java:32)
	at com.bhagyashree.hadoopsort.TeraSortHadoop$SortingMapper.map(TeraSortHadoop.java:18)
	at org.apache.hadoop.mapreduce.Mapper.run(Mapper.java:146)
	at org.apache.hadoop.mapred.MapTask.runNewMapper(MapTask.java:793)
	at org.apache.hadoop.mapred.MapTask.run(MapTask.java:341)
	at org.apache.hadoop.mapred.YarnChild$2.run(YarnChild.java:177)
	at java.security.AccessController.doPrivileged(Native Method)
	at javax.security.auth.Subject.doAs(Subject.java:422)
	at org.apache.hadoop.security.UserGroupInformation.doAs(UserGroupInformation.java:1886)
	at org.apache.hadoop.mapred.YarnChild.main(YarnChild.java:171)
Caused by: org.apache.hadoop.util.DiskChecker$DiskErrorException: Could not find any valid local directory for attempt_1524360977472_0400_m_000922_0_spill_0.out
	at org.apache.hadoop.fs.LocalDirAllocator$AllocatorPerContext.getLocalPathForWrite(LocalDirAllocator.java:442)
	at org.apache.hadoop.fs.LocalDirAllocator.getLocalPathForWrite(LocalDirAllocator.java:152)
	at org.apache.hadoop.fs.LocalDirAllocator.getLocalPathForWrite(LocalDirAllocator.java:133)
	at org.apache.hadoop.mapred.YarnOutputFiles.getSpillFileForWrite(YarnOutputFiles.java:159)
	at org.apache.hadoop.mapred.MapTask$MapOutputBuffer.sortAndSpill(MapTask.java:1601)
	at org.apache.hadoop.mapred.MapTask$MapOutputBuffer.access$900(MapTask.java:882)
	at org.apache.hadoop.mapred.MapTask$MapOutputBuffer$SpillThread.run(MapTask.java:1541)

18/04/28 07:29:58 INFO mapreduce.Job: Task Id : attempt_1524360977472_0400_m_000926_0, Status : FAILED
Error: java.io.IOException: Spill failed
	at org.apache.hadoop.mapred.MapTask$MapOutputBuffer.checkSpillException(MapTask.java:1571)
	at org.apache.hadoop.mapred.MapTask$MapOutputBuffer.collect(MapTask.java:1092)
	at org.apache.hadoop.mapred.MapTask$NewOutputCollector.write(MapTask.java:721)
	at org.apache.hadoop.mapreduce.task.TaskInputOutputContextImpl.write(TaskInputOutputContextImpl.java:89)
	at org.apache.hadoop.mapreduce.lib.map.WrappedMapper$Context.write(WrappedMapper.java:112)
	at com.bhagyashree.hadoopsort.TeraSortHadoop$SortingMapper.map(TeraSortHadoop.java:32)
	at com.bhagyashree.hadoopsort.TeraSortHadoop$SortingMapper.map(TeraSortHadoop.java:18)
	at org.apache.hadoop.mapreduce.Mapper.run(Mapper.java:146)
	at org.apache.hadoop.mapred.MapTask.runNewMapper(MapTask.java:793)
	at org.apache.hadoop.mapred.MapTask.run(MapTask.java:341)
	at org.apache.hadoop.mapred.YarnChild$2.run(YarnChild.java:177)
	at java.security.AccessController.doPrivileged(Native Method)
	at javax.security.auth.Subject.doAs(Subject.java:422)
	at org.apache.hadoop.security.UserGroupInformation.doAs(UserGroupInformation.java:1886)
	at org.apache.hadoop.mapred.YarnChild.main(YarnChild.java:171)
Caused by: org.apache.hadoop.util.DiskChecker$DiskErrorException: Could not find any valid local directory for attempt_1524360977472_0400_m_000926_0_spill_0.out
	at org.apache.hadoop.fs.LocalDirAllocator$AllocatorPerContext.getLocalPathForWrite(LocalDirAllocator.java:442)
	at org.apache.hadoop.fs.LocalDirAllocator.getLocalPathForWrite(LocalDirAllocator.java:152)
	at org.apache.hadoop.fs.LocalDirAllocator.getLocalPathForWrite(LocalDirAllocator.java:133)
	at org.apache.hadoop.mapred.YarnOutputFiles.getSpillFileForWrite(YarnOutputFiles.java:159)
	at org.apache.hadoop.mapred.MapTask$MapOutputBuffer.sortAndSpill(MapTask.java:1601)
	at org.apache.hadoop.mapred.MapTask$MapOutputBuffer.access$900(MapTask.java:882)
	at org.apache.hadoop.mapred.MapTask$MapOutputBuffer$SpillThread.run(MapTask.java:1541)

18/04/28 07:29:59 INFO mapreduce.Job: Task Id : attempt_1524360977472_0400_m_000929_0, Status : FAILED
Error: java.io.IOException: Spill failed
	at org.apache.hadoop.mapred.MapTask$MapOutputBuffer.checkSpillException(MapTask.java:1571)
	at org.apache.hadoop.mapred.MapTask$MapOutputBuffer.collect(MapTask.java:1092)
	at org.apache.hadoop.mapred.MapTask$NewOutputCollector.write(MapTask.java:721)
	at org.apache.hadoop.mapreduce.task.TaskInputOutputContextImpl.write(TaskInputOutputContextImpl.java:89)
	at org.apache.hadoop.mapreduce.lib.map.WrappedMapper$Context.write(WrappedMapper.java:112)
	at com.bhagyashree.hadoopsort.TeraSortHadoop$SortingMapper.map(TeraSortHadoop.java:32)
	at com.bhagyashree.hadoopsort.TeraSortHadoop$SortingMapper.map(TeraSortHadoop.java:18)
	at org.apache.hadoop.mapreduce.Mapper.run(Mapper.java:146)
	at org.apache.hadoop.mapred.MapTask.runNewMapper(MapTask.java:793)
	at org.apache.hadoop.mapred.MapTask.run(MapTask.java:341)
	at org.apache.hadoop.mapred.YarnChild$2.run(YarnChild.java:177)
	at java.security.AccessController.doPrivileged(Native Method)
	at javax.security.auth.Subject.doAs(Subject.java:422)
	at org.apache.hadoop.security.UserGroupInformation.doAs(UserGroupInformation.java:1886)
	at org.apache.hadoop.mapred.YarnChild.main(YarnChild.java:171)
Caused by: org.apache.hadoop.util.DiskChecker$DiskErrorException: Could not find any valid local directory for attempt_1524360977472_0400_m_000929_0_spill_0.out
	at org.apache.hadoop.fs.LocalDirAllocator$AllocatorPerContext.getLocalPathForWrite(LocalDirAllocator.java:442)
	at org.apache.hadoop.fs.LocalDirAllocator.getLocalPathForWrite(LocalDirAllocator.java:152)
	at org.apache.hadoop.fs.LocalDirAllocator.getLocalPathForWrite(LocalDirAllocator.java:133)
	at org.apache.hadoop.mapred.YarnOutputFiles.getSpillFileForWrite(YarnOutputFiles.java:159)
	at org.apache.hadoop.mapred.MapTask$MapOutputBuffer.sortAndSpill(MapTask.java:1601)
	at org.apache.hadoop.mapred.MapTask$MapOutputBuffer.access$900(MapTask.java:882)
	at org.apache.hadoop.mapred.MapTask$MapOutputBuffer$SpillThread.run(MapTask.java:1541)

18/04/28 07:30:04 INFO mapreduce.Job:  map 53% reduce 0%
18/04/28 07:30:15 INFO mapreduce.Job:  map 54% reduce 0%
18/04/28 07:30:18 INFO mapreduce.Job:  map 54% reduce 1%
18/04/28 07:30:22 INFO mapreduce.Job:  map 43% reduce 1%
18/04/28 07:30:32 INFO mapreduce.Job:  map 44% reduce 1%
18/04/28 07:30:36 INFO mapreduce.Job:  map 44% reduce 2%
18/04/28 07:30:38 INFO mapreduce.Job:  map 45% reduce 2%
18/04/28 07:30:54 INFO mapreduce.Job:  map 46% reduce 2%
18/04/28 07:31:01 INFO mapreduce.Job:  map 46% reduce 3%
18/04/28 07:31:14 INFO mapreduce.Job:  map 47% reduce 3%
18/04/28 07:31:24 INFO mapreduce.Job:  map 47% reduce 4%
18/04/28 07:31:27 INFO mapreduce.Job:  map 48% reduce 4%
18/04/28 07:31:40 INFO mapreduce.Job:  map 49% reduce 4%
18/04/28 07:31:43 INFO mapreduce.Job:  map 49% reduce 5%
18/04/28 07:31:56 INFO mapreduce.Job:  map 50% reduce 5%
18/04/28 07:32:01 INFO mapreduce.Job:  map 50% reduce 6%
18/04/28 07:32:08 INFO mapreduce.Job:  map 51% reduce 6%
18/04/28 07:32:24 INFO mapreduce.Job:  map 52% reduce 6%
18/04/28 07:32:25 INFO mapreduce.Job:  map 52% reduce 7%
18/04/28 07:32:37 INFO mapreduce.Job:  map 53% reduce 7%
18/04/28 07:32:43 INFO mapreduce.Job:  map 53% reduce 8%
18/04/28 07:32:51 INFO mapreduce.Job:  map 54% reduce 8%
18/04/28 07:33:06 INFO mapreduce.Job:  map 55% reduce 8%
18/04/28 07:33:08 INFO mapreduce.Job:  map 55% reduce 9%
18/04/28 07:33:18 INFO mapreduce.Job:  map 56% reduce 9%
18/04/28 07:33:26 INFO mapreduce.Job:  map 56% reduce 10%
18/04/28 07:33:34 INFO mapreduce.Job:  map 57% reduce 10%
18/04/28 07:33:45 INFO mapreduce.Job:  map 58% reduce 10%
18/04/28 07:33:50 INFO mapreduce.Job:  map 58% reduce 11%
18/04/28 07:34:03 INFO mapreduce.Job:  map 59% reduce 11%
18/04/28 07:34:11 INFO mapreduce.Job:  map 60% reduce 11%
18/04/28 07:34:15 INFO mapreduce.Job:  map 60% reduce 12%
18/04/28 07:34:21 INFO mapreduce.Job:  map 42% reduce 0%
18/04/28 07:34:33 INFO mapreduce.Job:  map 43% reduce 0%
18/04/28 07:34:53 INFO mapreduce.Job:  map 44% reduce 0%
18/04/28 07:35:16 INFO mapreduce.Job:  map 45% reduce 0%
18/04/28 07:35:22 INFO mapreduce.Job:  map 46% reduce 0%
18/04/28 07:35:42 INFO mapreduce.Job:  map 47% reduce 0%
18/04/28 07:36:07 INFO mapreduce.Job:  map 48% reduce 0%
18/04/28 07:36:23 INFO mapreduce.Job:  map 49% reduce 0%
18/04/28 07:36:36 INFO mapreduce.Job:  map 50% reduce 0%
18/04/28 07:36:58 INFO mapreduce.Job:  map 51% reduce 0%
18/04/28 07:37:16 INFO mapreduce.Job:  map 52% reduce 0%
18/04/28 07:37:27 INFO mapreduce.Job:  map 53% reduce 0%
18/04/28 07:37:46 INFO mapreduce.Job:  map 54% reduce 0%
18/04/28 07:38:09 INFO mapreduce.Job:  map 55% reduce 0%
18/04/28 07:38:26 INFO mapreduce.Job:  map 56% reduce 0%
18/04/28 07:38:35 INFO mapreduce.Job:  map 57% reduce 0%
18/04/28 07:38:58 INFO mapreduce.Job:  map 58% reduce 0%
18/04/28 07:39:17 INFO mapreduce.Job:  map 59% reduce 0%
18/04/28 07:39:31 INFO mapreduce.Job:  map 60% reduce 0%
18/04/28 07:39:45 INFO mapreduce.Job:  map 61% reduce 0%
18/04/28 07:40:07 INFO mapreduce.Job:  map 62% reduce 0%
18/04/28 07:40:14 INFO mapreduce.Job:  map 62% reduce 1%
18/04/28 07:40:27 INFO mapreduce.Job:  map 63% reduce 1%
18/04/28 07:40:32 INFO mapreduce.Job:  map 63% reduce 2%
18/04/28 07:40:47 INFO mapreduce.Job:  map 64% reduce 2%
18/04/28 07:40:56 INFO mapreduce.Job:  map 64% reduce 3%
18/04/28 07:41:06 INFO mapreduce.Job:  map 65% reduce 3%
18/04/28 07:41:20 INFO mapreduce.Job:  map 65% reduce 4%
18/04/28 07:41:29 INFO mapreduce.Job:  map 66% reduce 4%
18/04/28 07:41:49 INFO mapreduce.Job:  map 67% reduce 4%
18/04/28 07:41:51 INFO mapreduce.Job:  map 67% reduce 5%
18/04/28 07:42:07 INFO mapreduce.Job:  map 68% reduce 5%
18/04/28 07:42:16 INFO mapreduce.Job:  map 68% reduce 6%
18/04/28 07:42:26 INFO mapreduce.Job:  map 69% reduce 6%
18/04/28 07:42:46 INFO mapreduce.Job:  map 69% reduce 7%
18/04/28 07:42:50 INFO mapreduce.Job:  map 70% reduce 7%
18/04/28 07:43:12 INFO mapreduce.Job:  map 71% reduce 7%
18/04/28 07:43:21 INFO mapreduce.Job:  map 71% reduce 8%
18/04/28 07:43:37 INFO mapreduce.Job:  map 72% reduce 8%
18/04/28 07:43:46 INFO mapreduce.Job:  map 72% reduce 9%
18/04/28 07:43:52 INFO mapreduce.Job: Task Id : attempt_1524360977472_0400_m_000507_0, Status : FAILED
FSError: java.io.IOException: No space left on device
18/04/28 07:43:53 INFO mapreduce.Job: Task Id : attempt_1524360977472_0400_r_000000_2, Status : FAILED
Error: org.apache.hadoop.mapreduce.task.reduce.Shuffle$ShuffleError: error in shuffle in fetcher#5
	at org.apache.hadoop.mapreduce.task.reduce.Shuffle.run(Shuffle.java:134)
	at org.apache.hadoop.mapred.ReduceTask.run(ReduceTask.java:376)
	at org.apache.hadoop.mapred.YarnChild$2.run(YarnChild.java:177)
	at java.security.AccessController.doPrivileged(Native Method)
	at javax.security.auth.Subject.doAs(Subject.java:422)
	at org.apache.hadoop.security.UserGroupInformation.doAs(UserGroupInformation.java:1886)
	at org.apache.hadoop.mapred.YarnChild.main(YarnChild.java:171)
Caused by: org.apache.hadoop.util.DiskChecker$DiskErrorException: Could not find any valid local directory for output/attempt_1524360977472_0400_r_000000_2/map_896.out
	at org.apache.hadoop.fs.LocalDirAllocator$AllocatorPerContext.getLocalPathForWrite(LocalDirAllocator.java:442)
	at org.apache.hadoop.fs.LocalDirAllocator.getLocalPathForWrite(LocalDirAllocator.java:152)
	at org.apache.hadoop.fs.LocalDirAllocator.getLocalPathForWrite(LocalDirAllocator.java:133)
	at org.apache.hadoop.mapred.YarnOutputFiles.getInputFileForWrite(YarnOutputFiles.java:213)
	at org.apache.hadoop.mapreduce.task.reduce.MergeManagerImpl.reserve(MergeManagerImpl.java:271)
	at org.apache.hadoop.mapreduce.task.reduce.Fetcher.copyMapOutput(Fetcher.java:532)
	at org.apache.hadoop.mapreduce.task.reduce.Fetcher.copyFromHost(Fetcher.java:342)
	at org.apache.hadoop.mapreduce.task.reduce.Fetcher.run(Fetcher.java:198)

18/04/28 07:43:54 INFO mapreduce.Job:  map 72% reduce 0%
18/04/28 07:43:54 INFO mapreduce.Job: Task Id : attempt_1524360977472_0400_m_000555_0, Status : FAILED
FSError: java.io.IOException: No space left on device
18/04/28 07:43:54 INFO mapreduce.Job: Task Id : attempt_1524360977472_0400_m_000553_0, Status : FAILED
Error: java.io.IOException: Spill failed
	at org.apache.hadoop.mapred.MapTask$MapOutputBuffer.checkSpillException(MapTask.java:1571)
	at org.apache.hadoop.mapred.MapTask$MapOutputBuffer.collect(MapTask.java:1092)
	at org.apache.hadoop.mapred.MapTask$NewOutputCollector.write(MapTask.java:721)
	at org.apache.hadoop.mapreduce.task.TaskInputOutputContextImpl.write(TaskInputOutputContextImpl.java:89)
	at org.apache.hadoop.mapreduce.lib.map.WrappedMapper$Context.write(WrappedMapper.java:112)
	at com.bhagyashree.hadoopsort.TeraSortHadoop$SortingMapper.map(TeraSortHadoop.java:32)
	at com.bhagyashree.hadoopsort.TeraSortHadoop$SortingMapper.map(TeraSortHadoop.java:18)
	at org.apache.hadoop.mapreduce.Mapper.run(Mapper.java:146)
	at org.apache.hadoop.mapred.MapTask.runNewMapper(MapTask.java:793)
	at org.apache.hadoop.mapred.MapTask.run(MapTask.java:341)
	at org.apache.hadoop.mapred.YarnChild$2.run(YarnChild.java:177)
	at java.security.AccessController.doPrivileged(Native Method)
	at javax.security.auth.Subject.doAs(Subject.java:422)
	at org.apache.hadoop.security.UserGroupInformation.doAs(UserGroupInformation.java:1886)
	at org.apache.hadoop.mapred.YarnChild.main(YarnChild.java:171)
Caused by: org.apache.hadoop.util.DiskChecker$DiskErrorException: Could not find any valid local directory for attempt_1524360977472_0400_m_000553_0_spill_0.out
	at org.apache.hadoop.fs.LocalDirAllocator$AllocatorPerContext.getLocalPathForWrite(LocalDirAllocator.java:442)
	at org.apache.hadoop.fs.LocalDirAllocator.getLocalPathForWrite(LocalDirAllocator.java:152)
	at org.apache.hadoop.fs.LocalDirAllocator.getLocalPathForWrite(LocalDirAllocator.java:133)
	at org.apache.hadoop.mapred.YarnOutputFiles.getSpillFileForWrite(YarnOutputFiles.java:159)
	at org.apache.hadoop.mapred.MapTask$MapOutputBuffer.sortAndSpill(MapTask.java:1601)
	at org.apache.hadoop.mapred.MapTask$MapOutputBuffer.access$900(MapTask.java:882)
	at org.apache.hadoop.mapred.MapTask$MapOutputBuffer$SpillThread.run(MapTask.java:1541)

18/04/28 07:43:54 INFO mapreduce.Job: Task Id : attempt_1524360977472_0400_m_000552_0, Status : FAILED
Error: java.io.IOException: Spill failed
	at org.apache.hadoop.mapred.MapTask$MapOutputBuffer.checkSpillException(MapTask.java:1571)
	at org.apache.hadoop.mapred.MapTask$MapOutputBuffer.collect(MapTask.java:1092)
	at org.apache.hadoop.mapred.MapTask$NewOutputCollector.write(MapTask.java:721)
	at org.apache.hadoop.mapreduce.task.TaskInputOutputContextImpl.write(TaskInputOutputContextImpl.java:89)
	at org.apache.hadoop.mapreduce.lib.map.WrappedMapper$Context.write(WrappedMapper.java:112)
	at com.bhagyashree.hadoopsort.TeraSortHadoop$SortingMapper.map(TeraSortHadoop.java:32)
	at com.bhagyashree.hadoopsort.TeraSortHadoop$SortingMapper.map(TeraSortHadoop.java:18)
	at org.apache.hadoop.mapreduce.Mapper.run(Mapper.java:146)
	at org.apache.hadoop.mapred.MapTask.runNewMapper(MapTask.java:793)
	at org.apache.hadoop.mapred.MapTask.run(MapTask.java:341)
	at org.apache.hadoop.mapred.YarnChild$2.run(YarnChild.java:177)
	at java.security.AccessController.doPrivileged(Native Method)
	at javax.security.auth.Subject.doAs(Subject.java:422)
	at org.apache.hadoop.security.UserGroupInformation.doAs(UserGroupInformation.java:1886)
	at org.apache.hadoop.mapred.YarnChild.main(YarnChild.java:171)
Caused by: org.apache.hadoop.util.DiskChecker$DiskErrorException: Could not find any valid local directory for attempt_1524360977472_0400_m_000552_0_spill_0.out
	at org.apache.hadoop.fs.LocalDirAllocator$AllocatorPerContext.getLocalPathForWrite(LocalDirAllocator.java:442)
	at org.apache.hadoop.fs.LocalDirAllocator.getLocalPathForWrite(LocalDirAllocator.java:152)
	at org.apache.hadoop.fs.LocalDirAllocator.getLocalPathForWrite(LocalDirAllocator.java:133)
	at org.apache.hadoop.mapred.YarnOutputFiles.getSpillFileForWrite(YarnOutputFiles.java:159)
	at org.apache.hadoop.mapred.MapTask$MapOutputBuffer.sortAndSpill(MapTask.java:1601)
	at org.apache.hadoop.mapred.MapTask$MapOutputBuffer.access$900(MapTask.java:882)
	at org.apache.hadoop.mapred.MapTask$MapOutputBuffer$SpillThread.run(MapTask.java:1541)

18/04/28 07:43:58 INFO mapreduce.Job: Task Id : attempt_1524360977472_0400_m_000554_0, Status : FAILED
Error: java.io.IOException: Spill failed
	at org.apache.hadoop.mapred.MapTask$MapOutputBuffer.checkSpillException(MapTask.java:1571)
	at org.apache.hadoop.mapred.MapTask$MapOutputBuffer.collect(MapTask.java:1092)
	at org.apache.hadoop.mapred.MapTask$NewOutputCollector.write(MapTask.java:721)
	at org.apache.hadoop.mapreduce.task.TaskInputOutputContextImpl.write(TaskInputOutputContextImpl.java:89)
	at org.apache.hadoop.mapreduce.lib.map.WrappedMapper$Context.write(WrappedMapper.java:112)
	at com.bhagyashree.hadoopsort.TeraSortHadoop$SortingMapper.map(TeraSortHadoop.java:32)
	at com.bhagyashree.hadoopsort.TeraSortHadoop$SortingMapper.map(TeraSortHadoop.java:18)
	at org.apache.hadoop.mapreduce.Mapper.run(Mapper.java:146)
	at org.apache.hadoop.mapred.MapTask.runNewMapper(MapTask.java:793)
	at org.apache.hadoop.mapred.MapTask.run(MapTask.java:341)
	at org.apache.hadoop.mapred.YarnChild$2.run(YarnChild.java:177)
	at java.security.AccessController.doPrivileged(Native Method)
	at javax.security.auth.Subject.doAs(Subject.java:422)
	at org.apache.hadoop.security.UserGroupInformation.doAs(UserGroupInformation.java:1886)
	at org.apache.hadoop.mapred.YarnChild.main(YarnChild.java:171)
Caused by: org.apache.hadoop.util.DiskChecker$DiskErrorException: Could not find any valid local directory for attempt_1524360977472_0400_m_000554_0_spill_0.out
	at org.apache.hadoop.fs.LocalDirAllocator$AllocatorPerContext.getLocalPathForWrite(LocalDirAllocator.java:442)
	at org.apache.hadoop.fs.LocalDirAllocator.getLocalPathForWrite(LocalDirAllocator.java:152)
	at org.apache.hadoop.fs.LocalDirAllocator.getLocalPathForWrite(LocalDirAllocator.java:133)
	at org.apache.hadoop.mapred.YarnOutputFiles.getSpillFileForWrite(YarnOutputFiles.java:159)
	at org.apache.hadoop.mapred.MapTask$MapOutputBuffer.sortAndSpill(MapTask.java:1601)
	at org.apache.hadoop.mapred.MapTask$MapOutputBuffer.access$900(MapTask.java:882)
	at org.apache.hadoop.mapred.MapTask$MapOutputBuffer$SpillThread.run(MapTask.java:1541)

18/04/28 07:43:59 INFO mapreduce.Job: Task Id : attempt_1524360977472_0400_m_000507_1, Status : FAILED
FSError: java.io.IOException: No space left on device
18/04/28 07:43:59 INFO mapreduce.Job: Task Id : attempt_1524360977472_0400_m_000563_0, Status : FAILED
FSError: java.io.IOException: No space left on device
18/04/28 07:44:01 INFO mapreduce.Job: Task Id : attempt_1524360977472_0400_m_000555_1, Status : FAILED
FSError: java.io.IOException: No space left on device
18/04/28 07:44:02 INFO mapreduce.Job: Task Id : attempt_1524360977472_0400_m_000553_1, Status : FAILED
FSError: java.io.IOException: No space left on device
18/04/28 07:44:03 INFO mapreduce.Job: Task Id : attempt_1524360977472_0400_r_000000_3, Status : FAILED

18/04/28 07:44:03 INFO mapreduce.Job: Task Id : attempt_1524360977472_0400_m_000552_1, Status : FAILED
FSError: java.io.IOException: No space left on device
18/04/28 07:44:03 INFO mapreduce.Job: Task Id : attempt_1524360977472_0400_m_000562_0, Status : FAILED
Error: java.io.IOException: Spill failed
	at org.apache.hadoop.mapred.MapTask$MapOutputBuffer.checkSpillException(MapTask.java:1571)
	at org.apache.hadoop.mapred.MapTask$MapOutputBuffer.collect(MapTask.java:1092)
	at org.apache.hadoop.mapred.MapTask$NewOutputCollector.write(MapTask.java:721)
	at org.apache.hadoop.mapreduce.task.TaskInputOutputContextImpl.write(TaskInputOutputContextImpl.java:89)
	at org.apache.hadoop.mapreduce.lib.map.WrappedMapper$Context.write(WrappedMapper.java:112)
	at com.bhagyashree.hadoopsort.TeraSortHadoop$SortingMapper.map(TeraSortHadoop.java:32)
	at com.bhagyashree.hadoopsort.TeraSortHadoop$SortingMapper.map(TeraSortHadoop.java:18)
	at org.apache.hadoop.mapreduce.Mapper.run(Mapper.java:146)
	at org.apache.hadoop.mapred.MapTask.runNewMapper(MapTask.java:793)
	at org.apache.hadoop.mapred.MapTask.run(MapTask.java:341)
	at org.apache.hadoop.mapred.YarnChild$2.run(YarnChild.java:177)
	at java.security.AccessController.doPrivileged(Native Method)
	at javax.security.auth.Subject.doAs(Subject.java:422)
	at org.apache.hadoop.security.UserGroupInformation.doAs(UserGroupInformation.java:1886)
	at org.apache.hadoop.mapred.YarnChild.main(YarnChild.java:171)
Caused by: org.apache.hadoop.util.DiskChecker$DiskErrorException: Could not find any valid local directory for attempt_1524360977472_0400_m_000562_0_spill_0.out
	at org.apache.hadoop.fs.LocalDirAllocator$AllocatorPerContext.getLocalPathForWrite(LocalDirAllocator.java:442)
	at org.apache.hadoop.fs.LocalDirAllocator.getLocalPathForWrite(LocalDirAllocator.java:152)
	at org.apache.hadoop.fs.LocalDirAllocator.getLocalPathForWrite(LocalDirAllocator.java:133)
	at org.apache.hadoop.mapred.YarnOutputFiles.getSpillFileForWrite(YarnOutputFiles.java:159)
	at org.apache.hadoop.mapred.MapTask$MapOutputBuffer.sortAndSpill(MapTask.java:1601)
	at org.apache.hadoop.mapred.MapTask$MapOutputBuffer.access$900(MapTask.java:882)
	at org.apache.hadoop.mapred.MapTask$MapOutputBuffer$SpillThread.run(MapTask.java:1541)

18/04/28 07:44:06 INFO mapreduce.Job: Task Id : attempt_1524360977472_0400_m_000564_0, Status : FAILED
FSError: java.io.IOException: No space left on device
18/04/28 07:44:06 INFO mapreduce.Job: Task Id : attempt_1524360977472_0400_m_000554_1, Status : FAILED
Error: org.apache.hadoop.util.DiskChecker$DiskErrorException: No space available in any of the local directories.
	at org.apache.hadoop.fs.LocalDirAllocator$AllocatorPerContext.getLocalPathForWrite(LocalDirAllocator.java:400)
	at org.apache.hadoop.fs.LocalDirAllocator.getLocalPathForWrite(LocalDirAllocator.java:152)
	at org.apache.hadoop.fs.LocalDirAllocator.getLocalPathForWrite(LocalDirAllocator.java:133)
	at org.apache.hadoop.fs.LocalDirAllocator.getLocalPathForWrite(LocalDirAllocator.java:117)
	at org.apache.hadoop.mapred.YarnChild.configureLocalDirs(YarnChild.java:272)
	at org.apache.hadoop.mapred.YarnChild.configureTask(YarnChild.java:322)
	at org.apache.hadoop.mapred.YarnChild.main(YarnChild.java:149)

18/04/28 07:44:06 INFO mapreduce.Job: Task Id : attempt_1524360977472_0400_m_000507_2, Status : FAILED
FSError: java.io.IOException: No space left on device
18/04/28 07:44:06 INFO mapreduce.Job: Task Id : attempt_1524360977472_0400_m_000563_1, Status : FAILED
Error: org.apache.hadoop.util.DiskChecker$DiskErrorException: No space available in any of the local directories.
	at org.apache.hadoop.fs.LocalDirAllocator$AllocatorPerContext.getLocalPathForWrite(LocalDirAllocator.java:400)
	at org.apache.hadoop.fs.LocalDirAllocator.getLocalPathForWrite(LocalDirAllocator.java:152)
	at org.apache.hadoop.fs.LocalDirAllocator.getLocalPathForWrite(LocalDirAllocator.java:133)
	at org.apache.hadoop.fs.LocalDirAllocator.getLocalPathForWrite(LocalDirAllocator.java:117)
	at org.apache.hadoop.mapred.YarnChild.configureLocalDirs(YarnChild.java:272)
	at org.apache.hadoop.mapred.YarnChild.configureTask(YarnChild.java:322)
	at org.apache.hadoop.mapred.YarnChild.main(YarnChild.java:149)

18/04/28 07:44:07 INFO mapreduce.Job:  map 73% reduce 0%
18/04/28 07:44:07 INFO mapreduce.Job: Task Id : attempt_1524360977472_0400_m_000553_2, Status : FAILED
18/04/28 07:44:08 INFO mapreduce.Job: Task Id : attempt_1524360977472_0400_m_000555_2, Status : FAILED
[2018-04-29 07:44:03.367]Exception from container-launch.
Container id: container_1524360977472_0400_01_001257
Exit code: 1
Exception message: /HDFS/localdata/usercache/bbagwe/appcache/application_1524360977472_0400/container_1524360977472_0400_01_001257/default_container_executor_session.sh: line 3: echo: write error: No space left on device
/HDFS/localdata/usercache/bbagwe/appcache/application_1524360977472_0400/container_1524360977472_0400_01_001257/default_container_executor.sh: line 4: echo: write error: No space left on device

[2018-04-29 07:44:03.368]
[2018-04-29 07:44:05.487]Container exited with a non-zero exit code 1. Error file: prelaunch.err.
Last 4096 bytes of prelaunch.err :
[2018-04-29 07:44:05.491]
[2018-04-29 07:44:05.496]Container exited with a non-zero exit code 1. Error file: prelaunch.err.
Last 4096 bytes of prelaunch.err :
[2018-04-29 07:44:05.496]

18/04/28 07:44:12 INFO mapreduce.Job: Task Id : attempt_1524360977472_0400_m_000563_2, Status : FAILED
FSError: java.io.IOException: No space left on device
18/04/28 07:44:14 INFO mapreduce.Job:  map 100% reduce 100%
18/04/28 07:44:15 INFO mapreduce.Job: Job job_1524360977472_0400 failed with state FAILED due to: Task failed task_1524360977472_0400_m_000507
Job failed as tasks failed. failedMaps:1 failedReduces:0

18/04/28 07:44:16 INFO mapreduce.Job: Counters: 43
	File System Counters
		FILE: Number of bytes read=65322707756
		FILE: Number of bytes written=130820541580
		FILE: Number of read operations=0
		FILE: Number of large read operations=0
		FILE: Number of write operations=0
		HDFS: Number of bytes read=58327491322
		HDFS: Number of bytes written=0
		HDFS: Number of read operations=2607
		HDFS: Number of large read operations=0
		HDFS: Number of write operations=0
	Job Counters 
		Failed map tasks=27
		Failed reduce tasks=3
		Killed map tasks=676
		Killed reduce tasks=2
		Launched map tasks=1258
		Launched reduce tasks=5
		Other local map tasks=379
		Data-local map tasks=863
		Rack-local map tasks=16
		Total time spent by all maps in occupied slots (ms)=27211420
		Total time spent by all reduces in occupied slots (ms)=974709
		Total time spent by all map tasks (ms)=27211420
		Total time spent by all reduce tasks (ms)=974709
		Total vcore-milliseconds taken by all map tasks=27211420
		Total vcore-milliseconds taken by all reduce tasks=974709
		Total megabyte-milliseconds taken by all map tasks=27864494080
		Total megabyte-milliseconds taken by all reduce tasks=998102016
	Map-Reduce Framework
		Map input records=583238369
		Map output records=583238369
		Map output bytes=64156220590
		Map output materialized bytes=65322702542
		Input split bytes=99066
		Combine input records=583238369
		Combine output records=583238369
		Spilled Records=1166476738
		Failed Shuffles=0
		Merged Map outputs=0
		GC time elapsed (ms)=21547
		CPU time spent (ms)=5901778
		Physical memory (bytes) snapshot=253304115200
		Virtual memory (bytes) snapshot=1714042376192
		Total committed heap usage (bytes)=175455076352
	File Input Format Counters 
		Bytes Read=58327392256
